<?xml version="1.0" encoding="UTF-8"?>
<!-- Generated by org.testng.reporters.JUnitReportReporter -->
<testsuite skipped="7" hostname="nitunp-L" name="com.vaticahealth.vatica.testsuits.SmokeSuite" tests="8" failures="0" timestamp="4 Aug 2017 06:22:48 GMT" time="0.000" errors="1">
  <testcase name="tc_Smoke_2" time="0.000" classname="com.vaticahealth.vatica.testsuits.SmokeSuite">
    <skipped/>
  </testcase> <!-- tc_Smoke_2 -->
  <testcase name="startReport" time="0.000" classname="com.vaticahealth.vatica.testsuits.SmokeSuite">
    <error type="java.lang.NullPointerException">
      <![CDATA[java.lang.NullPointerException
	at com.vaticahealth.vatica.config.TestAnnotation.startReport(TestAnnotation.java:123)
	at sun.reflect.NativeMethodAccessorImpl.invoke0(Native Method)
	at sun.reflect.NativeMethodAccessorImpl.invoke(Unknown Source)
	at sun.reflect.DelegatingMethodAccessorImpl.invoke(Unknown Source)
	at java.lang.reflect.Method.invoke(Unknown Source)
	at org.testng.internal.MethodInvocationHelper.invokeMethod(MethodInvocationHelper.java:100)
	at org.testng.internal.Invoker.invokeConfigurationMethod(Invoker.java:515)
	at org.testng.internal.Invoker.invokeConfigurations(Invoker.java:216)
	at org.testng.internal.Invoker.invokeConfigurations(Invoker.java:143)
	at org.testng.SuiteRunner.privateRun(SuiteRunner.java:307)
	at org.testng.SuiteRunner.run(SuiteRunner.java:270)
	at org.testng.SuiteRunnerWorker.runSuite(SuiteRunnerWorker.java:52)
	at org.testng.SuiteRunnerWorker.run(SuiteRunnerWorker.java:86)
	at org.testng.TestNG.runSuitesSequentially(TestNG.java:1284)
	at org.testng.TestNG.runSuitesLocally(TestNG.java:1209)
	at org.testng.TestNG.runSuites(TestNG.java:1124)
	at org.testng.TestNG.run(TestNG.java:1096)
	at org.testng.remote.AbstractRemoteTestNG.run(AbstractRemoteTestNG.java:132)
	at org.testng.remote.RemoteTestNG.initAndRun(RemoteTestNG.java:236)
	at org.testng.remote.RemoteTestNG.main(RemoteTestNG.java:81)
]]>
    </error>
  </testcase> <!-- startReport -->
  <testcase name="tc_Smoke_4" time="0.000" classname="com.vaticahealth.vatica.testsuits.SmokeSuite">
    <skipped/>
  </testcase> <!-- tc_Smoke_4 -->
  <testcase name="tc_Smoke_3" time="0.000" classname="com.vaticahealth.vatica.testsuits.SmokeSuite">
    <skipped/>
  </testcase> <!-- tc_Smoke_3 -->
  <testcase name="tc_Smoke_5" time="0.000" classname="com.vaticahealth.vatica.testsuits.SmokeSuite">
    <skipped/>
  </testcase> <!-- tc_Smoke_5 -->
  <testcase name="tc_Smoke_7" time="0.000" classname="com.vaticahealth.vatica.testsuits.SmokeSuite">
    <skipped/>
  </testcase> <!-- tc_Smoke_7 -->
  <testcase name="tc_Smoke_1" time="0.000" classname="com.vaticahealth.vatica.testsuits.SmokeSuite">
    <skipped/>
  </testcase> <!-- tc_Smoke_1 -->
  <testcase name="tc_Smoke_6" time="0.000" classname="com.vaticahealth.vatica.testsuits.SmokeSuite">
    <skipped/>
  </testcase> <!-- tc_Smoke_6 -->
</testsuite> <!-- com.vaticahealth.vatica.testsuits.SmokeSuite -->
