<?xml version="1.0" encoding="UTF-8"?>
<!-- Generated by org.testng.reporters.JUnitReportReporter -->
<testsuite hostname="nitunp-L" name="com.vaticahealth.vatica.testsuits.CreateTestDataSuite" tests="1" failures="0" timestamp="15 Jun 2017 06:51:24 GMT" time="206.674" errors="0">
  <testcase name="tc_CreateTestData_1" time="206.674" classname="com.vaticahealth.vatica.testsuits.CreateTestDataSuite"/>
</testsuite> <!-- com.vaticahealth.vatica.testsuits.CreateTestDataSuite -->
