<?xml version="1.0" encoding="UTF-8"?>
<!-- Generated by org.testng.reporters.JUnitReportReporter -->
<testsuite skipped="1" hostname="197NODNB19092" name="com.vaticahealth.vatica.testcases.LoginTest" tests="3" failures="0" timestamp="20 Oct 2017 08:54:40 GMT" time="11.563" errors="0">
  <testcase name="homepage_VerifyHomepage" time="2.199" classname="com.vaticahealth.vatica.testcases.LoginTest"/>
  <testcase name="menu_VerifyLogin" time="9.364" classname="com.vaticahealth.vatica.testcases.LoginTest"/>
  <testcase name="tc_HomePage_2" classname="com.vaticahealth.vatica.testcases.LoginTest">
    <skipped/>
  </testcase> <!-- tc_HomePage_2 -->
</testsuite> <!-- com.vaticahealth.vatica.testcases.LoginTest -->
